kotlin version: 2.2.20
error message: java.lang.Exception: IR lowering failed at: HomeScreen.kt
	at androidx.compose.compiler.plugins.kotlin.lower.ComposableFunctionBodyTransformer.visitFile(ComposableFunctionBodyTransformer.kt:5201)
	at org.jetbrains.kotlin.ir.visitors.IrElementTransformerVoid.visitFile(IrElementTransformerVoid.kt:163)
	at org.jetbrains.kotlin.ir.visitors.IrElementTransformerVoid.visitFile(IrElementTransformerVoid.kt:19)
	at org.jetbrains.kotlin.ir.declarations.IrFile.accept(IrFile.kt:27)
	at org.jetbrains.kotlin.ir.declarations.IrFile.transform(IrFile.kt:30)
	at org.jetbrains.kotlin.ir.declarations.IrFile.transform(IrFile.kt:19)
	at org.jetbrains.kotlin.ir.util.TransformKt.transformInPlace(transform.kt:35)
	at org.jetbrains.kotlin.ir.declarations.IrModuleFragment.transformChildren(IrModuleFragment.kt:46)
	at org.jetbrains.kotlin.ir.visitors.IrElementTransformerVoidKt.transformChildrenVoid(IrElementTransformerVoid.kt:583)
	at androidx.compose.compiler.plugins.kotlin.lower.ComposableFunctionBodyTransformer.lower(ComposableFunctionBodyTransformer.kt:399)
	at androidx.compose.compiler.plugins.kotlin.ComposeIrGenerationExtension.generate(ComposeIrGenerationExtension.kt:195)
	at org.jetbrains.kotlin.fir.pipeline.ConvertToIrKt.applyIrGenerationExtensions(convertToIr.kt:498)
	at org.jetbrains.kotlin.fir.pipeline.Fir2IrPipeline.runActualizationPipeline(convertToIr.kt:253)
	at org.jetbrains.kotlin.fir.pipeline.Fir2IrPipeline.convertToIrAndActualize(convertToIr.kt:134)
	at org.jetbrains.kotlin.fir.pipeline.ConvertToIrKt.convertToIrAndActualize(convertToIr.kt:100)
	at org.jetbrains.kotlin.fir.pipeline.ConvertToIrKt.convertToIrAndActualize$default(convertToIr.kt:73)
	at org.jetbrains.kotlin.cli.jvm.compiler.legacy.pipeline.JvmCompilerPipelineKt.convertToIrAndActualizeForJvm(jvmCompilerPipeline.kt:101)
	at org.jetbrains.kotlin.cli.pipeline.jvm.JvmFir2IrPipelinePhase.executePhase(JvmFir2IrPipelinePhase.kt:30)
	at org.jetbrains.kotlin.cli.pipeline.jvm.JvmFir2IrPipelinePhase.executePhase(JvmFir2IrPipelinePhase.kt:25)
	at org.jetbrains.kotlin.cli.pipeline.jvm.JvmFir2IrPipelinePhase.executePhase(JvmFir2IrPipelinePhase.kt:19)
	at org.jetbrains.kotlin.cli.pipeline.PipelinePhase.phaseBody(PipelinePhase.kt:68)
	at org.jetbrains.kotlin.cli.pipeline.PipelinePhase.phaseBody(PipelinePhase.kt:58)
	at org.jetbrains.kotlin.config.phaser.NamedCompilerPhase.invoke(CompilerPhase.kt:102)
	at org.jetbrains.kotlin.backend.common.phaser.CompositePhase.invoke(PhaseBuilders.kt:22)
	at org.jetbrains.kotlin.config.phaser.CompilerPhaseKt.invokeToplevel(CompilerPhase.kt:53)
	at org.jetbrains.kotlin.cli.pipeline.AbstractCliPipeline.runPhasedPipeline(AbstractCliPipeline.kt:109)
	at org.jetbrains.kotlin.cli.pipeline.AbstractCliPipeline.execute(AbstractCliPipeline.kt:68)
	at org.jetbrains.kotlin.cli.jvm.K2JVMCompiler.doExecutePhased(K2JVMCompiler.kt:79)
	at org.jetbrains.kotlin.cli.jvm.K2JVMCompiler.doExecutePhased(K2JVMCompiler.kt:45)
	at org.jetbrains.kotlin.cli.common.CLICompiler.execImpl(CLICompiler.kt:90)
	at org.jetbrains.kotlin.cli.common.CLICompiler.exec(CLICompiler.kt:352)
	at org.jetbrains.kotlin.incremental.IncrementalJvmCompilerRunnerBase.runCompiler(IncrementalJvmCompilerRunnerBase.kt:176)
	at org.jetbrains.kotlin.incremental.IncrementalJvmCompilerRunnerBase.runCompiler(IncrementalJvmCompilerRunnerBase.kt:39)
	at org.jetbrains.kotlin.incremental.IncrementalCompilerRunner.doCompile(IncrementalCompilerRunner.kt:499)
	at org.jetbrains.kotlin.incremental.IncrementalCompilerRunner.compileImpl(IncrementalCompilerRunner.kt:416)
	at org.jetbrains.kotlin.incremental.IncrementalCompilerRunner.tryCompileIncrementally$lambda$0$compile(IncrementalCompilerRunner.kt:249)
	at org.jetbrains.kotlin.incremental.IncrementalCompilerRunner.tryCompileIncrementally(IncrementalCompilerRunner.kt:267)
	at org.jetbrains.kotlin.incremental.IncrementalCompilerRunner.compile(IncrementalCompilerRunner.kt:119)
	at org.jetbrains.kotlin.daemon.CompileServiceImplBase.execIncrementalCompiler(CompileServiceImpl.kt:684)
	at org.jetbrains.kotlin.daemon.CompileServiceImplBase.access$execIncrementalCompiler(CompileServiceImpl.kt:94)
	at org.jetbrains.kotlin.daemon.CompileServiceImpl.compile(CompileServiceImpl.kt:1810)
	at java.base/jdk.internal.reflect.DirectMethodHandleAccessor.invoke(Unknown Source)
	at java.base/java.lang.reflect.Method.invoke(Unknown Source)
	at java.rmi/sun.rmi.server.UnicastServerRef.dispatch(Unknown Source)
	at java.rmi/sun.rmi.transport.Transport$1.run(Unknown Source)
	at java.rmi/sun.rmi.transport.Transport$1.run(Unknown Source)
	at java.base/java.security.AccessController.doPrivileged(Unknown Source)
	at java.rmi/sun.rmi.transport.Transport.serviceCall(Unknown Source)
	at java.rmi/sun.rmi.transport.tcp.TCPTransport.handleMessages(Unknown Source)
	at java.rmi/sun.rmi.transport.tcp.TCPTransport$ConnectionHandler.run0(Unknown Source)
	at java.rmi/sun.rmi.transport.tcp.TCPTransport$ConnectionHandler.lambda$run$0(Unknown Source)
	at java.base/java.security.AccessController.doPrivileged(Unknown Source)
	at java.rmi/sun.rmi.transport.tcp.TCPTransport$ConnectionHandler.run(Unknown Source)
	at java.base/java.util.concurrent.ThreadPoolExecutor.runWorker(Unknown Source)
	at java.base/java.util.concurrent.ThreadPoolExecutor$Worker.run(Unknown Source)
	at java.base/java.lang.Thread.run(Unknown Source)
Caused by: org.jetbrains.kotlin.utils.exceptions.KotlinIllegalArgumentExceptionWithAttachments: Exception was thrown during transformation of class org.jetbrains.kotlin.fir.declarations.impl.FirSimpleFunctionImpl
	at org.jetbrains.kotlin.fir.backend.generators.Fir2IrCallableDeclarationsGenerator.createIrFunction(Fir2IrCallableDeclarationsGenerator.kt:1109)
	at org.jetbrains.kotlin.fir.backend.Fir2IrDeclarationStorage.getIrFunctionSymbol(Fir2IrDeclarationStorage.kt:1140)
	at org.jetbrains.kotlin.fir.backend.Fir2IrDeclarationStorage.getIrFunctionSymbol$default(Fir2IrDeclarationStorage.kt:1119)
	at org.jetbrains.kotlin.fir.lazy.Fir2IrLazyClass.declarations_delegate$lambda$0$addDeclarationsFromScope$2(Fir2IrLazyClass.kt:192)
	at org.jetbrains.kotlin.fir.scopes.impl.FirScopeWithCallableCopyReturnTypeUpdater.processFunctionsByName$lambda$0(FirScopeWithCallableCopyReturnTypeUpdater.kt:35)
	at org.jetbrains.kotlin.fir.scopes.impl.AbstractFirUseSiteMemberScope.processFunctionsByName(AbstractFirUseSiteMemberScope.kt:66)
	at org.jetbrains.kotlin.fir.scopes.impl.FirScopeWithCallableCopyReturnTypeUpdater.processFunctionsByName(FirScopeWithCallableCopyReturnTypeUpdater.kt:33)
	at org.jetbrains.kotlin.fir.lazy.Fir2IrLazyClass.declarations_delegate$lambda$0$addDeclarationsFromScope(Fir2IrLazyClass.kt:186)
	at org.jetbrains.kotlin.fir.lazy.Fir2IrLazyClass.declarations_delegate$lambda$0(Fir2IrLazyClass.kt:220)
	at org.jetbrains.kotlin.ir.declarations.lazy.SynchronizedLazyVar.getValue(lazyUtil.kt:29)
	at org.jetbrains.kotlin.ir.declarations.lazy.SynchronizedLazyVar.getValue(lazyUtil.kt:40)
	at org.jetbrains.kotlin.fir.lazy.Fir2IrLazyClass.getDeclarations(Fir2IrLazyClass.kt:151)
	at androidx.compose.compiler.plugins.kotlin.lower.AbstractComposeLowering.makeStabilityFieldJvm(AbstractComposeLowering.kt:854)
	at androidx.compose.compiler.plugins.kotlin.lower.AbstractComposeLowering.getRuntimeStabilityValue(AbstractComposeLowering.kt:813)
	at androidx.compose.compiler.plugins.kotlin.lower.AbstractComposeLowering.irStableExpression(AbstractComposeLowering.kt:278)
	at androidx.compose.compiler.plugins.kotlin.lower.AbstractComposeLowering.irStableExpression$default(AbstractComposeLowering.kt:254)
	at androidx.compose.compiler.plugins.kotlin.lower.ComposableFunctionBodyTransformer.buildChangedArgumentForCall(ComposableFunctionBodyTransformer.kt:3579)
	at androidx.compose.compiler.plugins.kotlin.lower.ComposableFunctionBodyTransformer.buildChangedArgumentsForCall(ComposableFunctionBodyTransformer.kt:3535)
	at androidx.compose.compiler.plugins.kotlin.lower.ComposableFunctionBodyTransformer.visitRememberCall(ComposableFunctionBodyTransformer.kt:3186)
	at androidx.compose.compiler.plugins.kotlin.lower.ComposableFunctionBodyTransformer.visitComposableCall(ComposableFunctionBodyTransformer.kt:2985)
	at androidx.compose.compiler.plugins.kotlin.lower.ComposableFunctionBodyTransformer.visitFunctionAccess(ComposableFunctionBodyTransformer.kt:2937)
	at org.jetbrains.kotlin.ir.visitors.IrElementTransformerVoid.visitCall(IrElementTransformerVoid.kt:296)
	at org.jetbrains.kotlin.ir.visitors.IrElementTransformerVoid.visitCall(IrElementTransformerVoid.kt:299)
	at org.jetbrains.kotlin.ir.visitors.IrElementTransformerVoid.visitCall(IrElementTransformerVoid.kt:19)
	at org.jetbrains.kotlin.ir.expressions.IrCall.accept(IrCall.kt:24)
	at org.jetbrains.kotlin.ir.expressions.IrExpression.transform(IrExpression.kt:23)
	at org.jetbrains.kotlin.ir.expressions.IrExpression.transform(IrExpression.kt:19)
	at org.jetbrains.kotlin.ir.util.TransformKt.transformInPlaceNullable(transform.kt:46)
	at org.jetbrains.kotlin.ir.expressions.IrMemberAccessExpression.transformChildren(IrMemberAccessExpression.kt:520)
	at org.jetbrains.kotlin.ir.visitors.IrElementTransformerVoidKt.transformChildrenVoid(IrElementTransformerVoid.kt:583)
	at org.jetbrains.kotlin.ir.visitors.IrElementTransformerVoid.transformChildrenVoid(IrElementTransformerVoid.kt:28)
	at androidx.compose.compiler.plugins.kotlin.lower.ComposableFunctionBodyTransformer.visitNormalComposableCall(ComposableFunctionBodyTransformer.kt:3001)
	at androidx.compose.compiler.plugins.kotlin.lower.ComposableFunctionBodyTransformer.visitComposableCall(ComposableFunctionBodyTransformer.kt:2991)
	at androidx.compose.compiler.plugins.kotlin.lower.ComposableFunctionBodyTransformer.visitFunctionAccess(ComposableFunctionBodyTransformer.kt:2937)
	at org.jetbrains.kotlin.ir.visitors.IrElementTransformerVoid.visitCall(IrElementTransformerVoid.kt:296)
	at org.jetbrains.kotlin.ir.visitors.IrElementTransformerVoid.visitCall(IrElementTransformerVoid.kt:299)
	at org.jetbrains.kotlin.ir.visitors.IrElementTransformerVoid.visitCall(IrElementTransformerVoid.kt:19)
	at org.jetbrains.kotlin.ir.expressions.IrCall.accept(IrCall.kt:24)
	at org.jetbrains.kotlin.ir.expressions.IrExpression.transform(IrExpression.kt:23)
	at org.jetbrains.kotlin.ir.expressions.IrExpression.transform(IrExpression.kt:19)
	at org.jetbrains.kotlin.ir.util.TransformKt.transformInPlace(transform.kt:35)
	at org.jetbrains.kotlin.ir.expressions.IrContainerExpression.transformChildren(IrContainerExpression.kt:26)
	at org.jetbrains.kotlin.ir.visitors.IrElementTransformerVoidKt.transformChildrenVoid(IrElementTransformerVoid.kt:583)
	at org.jetbrains.kotlin.ir.visitors.IrElementTransformerVoid.transformChildrenVoid(IrElementTransformerVoid.kt:28)
	at androidx.compose.compiler.plugins.kotlin.lower.ComposableFunctionBodyTransformer.visitRestartableComposableFunction(ComposableFunctionBodyTransformer.kt:1121)
	at androidx.compose.compiler.plugins.kotlin.lower.ComposableFunctionBodyTransformer.visitFunctionInScope(ComposableFunctionBodyTransformer.kt:691)
	at androidx.compose.compiler.plugins.kotlin.lower.ComposableFunctionBodyTransformer.visitFunction(ComposableFunctionBodyTransformer.kt:625)
	at org.jetbrains.kotlin.ir.visitors.IrElementTransformerVoid.visitSimpleFunction(IrElementTransformerVoid.kt:128)
	at org.jetbrains.kotlin.ir.visitors.IrElementTransformerVoid.visitSimpleFunction(IrElementTransformerVoid.kt:131)
	at org.jetbrains.kotlin.ir.visitors.IrElementTransformerVoid.visitSimpleFunction(IrElementTransformerVoid.kt:19)
	at org.jetbrains.kotlin.ir.declarations.IrSimpleFunction.accept(IrSimpleFunction.kt:39)
	at org.jetbrains.kotlin.ir.IrElementBase.transform(IrElementBase.kt:33)
	at org.jetbrains.kotlin.ir.util.TransformKt.transformInPlace(transform.kt:35)
	at org.jetbrains.kotlin.ir.declarations.IrPackageFragment.transformChildren(IrPackageFragment.kt:31)
	at org.jetbrains.kotlin.ir.visitors.IrElementTransformerVoid.visitPackageFragment(IrElementTransformerVoid.kt:146)
	at org.jetbrains.kotlin.ir.visitors.IrElementTransformerVoid.visitFile(IrElementTransformerVoid.kt:160)
	at androidx.compose.compiler.plugins.kotlin.lower.ComposableFunctionBodyTransformer.visitFile(ComposableFunctionBodyTransformer.kt:1927)
	... 55 more
Caused by: org.jetbrains.kotlin.utils.exceptions.KotlinIllegalArgumentExceptionWithAttachments: Exception was thrown during transformation of class org.jetbrains.kotlin.fir.declarations.impl.FirValueParameterImpl
	at org.jetbrains.kotlin.fir.backend.generators.Fir2IrCallableDeclarationsGenerator.createIrParameter$fir2ir(Fir2IrCallableDeclarationsGenerator.kt:1487)
	at org.jetbrains.kotlin.fir.backend.generators.Fir2IrCallableDeclarationsGenerator.createIrParameter$fir2ir$default(Fir2IrCallableDeclarationsGenerator.kt:730)
	at org.jetbrains.kotlin.fir.backend.generators.Fir2IrLazyDeclarationsGenerator.createIrLazyFunction$fir2ir(Fir2IrLazyDeclarationsGenerator.kt:80)
	at org.jetbrains.kotlin.fir.backend.generators.Fir2IrCallableDeclarationsGenerator.createIrFunction(Fir2IrCallableDeclarationsGenerator.kt:110)
	... 111 more
Caused by: java.io.FileNotFoundException: /Users/benn/dev/personal/HolyBean/android/app/build/tmp/kotlin-classes/debug/eloom/holybean/data/model/Order.class (No such file or directory)
	at java.base/java.io.IoOverNioFileSystem.convertNioToIoExceptionInStreams(Unknown Source)
	at java.base/java.io.IoOverNioFileSystem.initializeStreamsUsingNio0(Unknown Source)
	at java.base/java.io.IoOverNioFileSystem.initializeStreamUsingNio(Unknown Source)
	at java.base/java.io.FileInputStream.<init>(Unknown Source)
	at org.jetbrains.kotlin.com.intellij.openapi.util.io.FileUtil.loadFileBytes(FileUtil.java:187)
	at org.jetbrains.kotlin.cli.common.localfs.KotlinLocalVirtualFile.contentsToByteArray(KotlinLocalVirtualFile.kt:108)
	at org.jetbrains.kotlin.cli.jvm.compiler.KotlinCliJavaFileManagerImpl.findClass(KotlinCliJavaFileManagerImpl.kt:148)
	at org.jetbrains.kotlin.resolve.jvm.KotlinJavaPsiFacade$CliFinder.findClass(KotlinJavaPsiFacade.java:538)
	at org.jetbrains.kotlin.resolve.jvm.KotlinJavaPsiFacade.findClass(KotlinJavaPsiFacade.java:181)
	at org.jetbrains.kotlin.load.java.JavaClassFinderImpl.findClass(JavaClassFinderImpl.kt:46)
	at org.jetbrains.kotlin.fir.java.FirJavaFacade.findClass(FirJavaFacade.kt:74)
	at org.jetbrains.kotlin.fir.java.deserialization.JvmClassFileBasedSymbolProvider.extractClassMetadata(JvmClassFileBasedSymbolProvider.kt:178)
	at org.jetbrains.kotlin.fir.deserialization.AbstractFirDeserializedSymbolProvider.findAndDeserializeClass(AbstractFirDeserializedSymbolProvider.kt:256)
	at org.jetbrains.kotlin.fir.deserialization.AbstractFirDeserializedSymbolProvider.classCache$lambda$0(AbstractFirDeserializedSymbolProvider.kt:163)
	at org.jetbrains.kotlin.fir.caches.FirThreadUnsafeCacheWithPostCompute.getValue(FirThreadUnsafeCachesFactory.kt:75)
	at org.jetbrains.kotlin.fir.deserialization.AbstractFirDeserializedSymbolProvider.getClass(AbstractFirDeserializedSymbolProvider.kt:343)
	at org.jetbrains.kotlin.fir.deserialization.AbstractFirDeserializedSymbolProvider.getClass$default(AbstractFirDeserializedSymbolProvider.kt:326)
	at org.jetbrains.kotlin.fir.deserialization.AbstractFirDeserializedSymbolProvider.getClassLikeSymbolByClassId(AbstractFirDeserializedSymbolProvider.kt:420)
	at org.jetbrains.kotlin.fir.resolve.providers.impl.FirCachingCompositeSymbolProvider.computeClass(FirCachingCompositeSymbolProvider.kt:147)
	at org.jetbrains.kotlin.fir.resolve.providers.impl.FirCachingCompositeSymbolProvider.access$computeClass(FirCachingCompositeSymbolProvider.kt:27)
	at org.jetbrains.kotlin.fir.resolve.providers.impl.FirCachingCompositeSymbolProvider$special$$inlined$createCache$1.invoke(FirCachesFactory.kt:163)
	at org.jetbrains.kotlin.fir.resolve.providers.impl.FirCachingCompositeSymbolProvider$special$$inlined$createCache$1.invoke(FirCachesFactory.kt:147)
	at org.jetbrains.kotlin.fir.caches.FirThreadUnsafeCache.getValue(FirThreadUnsafeCachesFactory.kt:57)
	at org.jetbrains.kotlin.fir.resolve.providers.impl.FirCachingCompositeSymbolProvider.getClassLikeSymbolByClassId(FirCachingCompositeSymbolProvider.kt:174)
	at org.jetbrains.kotlin.fir.resolve.ToSymbolUtilsKt.toSymbol(ToSymbolUtils.kt:57)
	at org.jetbrains.kotlin.fir.resolve.ToSymbolUtilsKt.toSymbol(ToSymbolUtils.kt:33)
	at org.jetbrains.kotlin.fir.backend.Fir2IrTypeConverter.toIrType(Fir2IrTypeConverter.kt:120)
	at org.jetbrains.kotlin.fir.backend.Fir2IrTypeConverter.toIrType$default(Fir2IrTypeConverter.kt:99)
	at org.jetbrains.kotlin.fir.backend.Fir2IrTypeConverter.toIrType(Fir2IrTypeConverter.kt:86)
	at org.jetbrains.kotlin.fir.backend.Fir2IrTypeConverterKt.toIrType(Fir2IrTypeConverter.kt:377)
	at org.jetbrains.kotlin.fir.backend.generators.Fir2IrCallableDeclarationsGenerator.createIrParameter$fir2ir(Fir2IrCallableDeclarationsGenerator.kt:744)
	... 114 more
Caused by: java.nio.file.NoSuchFileException: /Users/benn/dev/personal/HolyBean/android/app/build/tmp/kotlin-classes/debug/eloom/holybean/data/model/Order.class
	at java.base/sun.nio.fs.UnixException.translateToIOException(Unknown Source)
	at java.base/sun.nio.fs.UnixException.rethrowAsIOException(Unknown Source)
	at java.base/sun.nio.fs.UnixException.rethrowAsIOException(Unknown Source)
	at java.base/sun.nio.fs.UnixFileSystemProvider.newFileChannel(Unknown Source)
	... 144 more


error message: Daemon compilation failed: null
java.lang.Exception
	at org.jetbrains.kotlin.daemon.common.CompileService$CallResult$Error.get(CompileService.kt:69)
	at org.jetbrains.kotlin.daemon.common.CompileService$CallResult$Error.get(CompileService.kt:65)
	at org.jetbrains.kotlin.compilerRunner.GradleKotlinCompilerWork.compileWithDaemon(GradleKotlinCompilerWork.kt:240)
	at org.jetbrains.kotlin.compilerRunner.GradleKotlinCompilerWork.compileWithDaemonOrFallbackImpl(GradleKotlinCompilerWork.kt:159)
	at org.jetbrains.kotlin.compilerRunner.GradleKotlinCompilerWork.run(GradleKotlinCompilerWork.kt:111)
	at org.jetbrains.kotlin.compilerRunner.GradleCompilerRunnerWithWorkers$GradleKotlinCompilerWorkAction.execute(GradleCompilerRunnerWithWorkers.kt:74)
	at org.gradle.workers.internal.DefaultWorkerServer.execute(DefaultWorkerServer.java:63)
	at org.gradle.workers.internal.NoIsolationWorkerFactory$1$1.create(NoIsolationWorkerFactory.java:66)
	at org.gradle.workers.internal.NoIsolationWorkerFactory$1$1.create(NoIsolationWorkerFactory.java:62)
	at org.gradle.internal.classloader.ClassLoaderUtils.executeInClassloader(ClassLoaderUtils.java:100)
	at org.gradle.workers.internal.NoIsolationWorkerFactory$1.lambda$execute$0(NoIsolationWorkerFactory.java:62)
	at org.gradle.workers.internal.AbstractWorker$1.call(AbstractWorker.java:44)
	at org.gradle.workers.internal.AbstractWorker$1.call(AbstractWorker.java:41)
	at org.gradle.internal.operations.DefaultBuildOperationRunner$CallableBuildOperationWorker.execute(DefaultBuildOperationRunner.java:210)
	at org.gradle.internal.operations.DefaultBuildOperationRunner$CallableBuildOperationWorker.execute(DefaultBuildOperationRunner.java:205)
	at org.gradle.internal.operations.DefaultBuildOperationRunner$2.execute(DefaultBuildOperationRunner.java:67)
	at org.gradle.internal.operations.DefaultBuildOperationRunner$2.execute(DefaultBuildOperationRunner.java:60)
	at org.gradle.internal.operations.DefaultBuildOperationRunner.execute(DefaultBuildOperationRunner.java:167)
	at org.gradle.internal.operations.DefaultBuildOperationRunner.execute(DefaultBuildOperationRunner.java:60)
	at org.gradle.internal.operations.DefaultBuildOperationRunner.call(DefaultBuildOperationRunner.java:54)
	at org.gradle.workers.internal.AbstractWorker.executeWrappedInBuildOperation(AbstractWorker.java:41)
	at org.gradle.workers.internal.NoIsolationWorkerFactory$1.execute(NoIsolationWorkerFactory.java:59)
	at org.gradle.workers.internal.DefaultWorkerExecutor.lambda$submitWork$0(DefaultWorkerExecutor.java:174)
	at java.base/java.util.concurrent.FutureTask.run(FutureTask.java:264)
	at org.gradle.internal.work.DefaultConditionalExecutionQueue$ExecutionRunner.runExecution(DefaultConditionalExecutionQueue.java:194)
	at org.gradle.internal.work.DefaultConditionalExecutionQueue$ExecutionRunner.access$700(DefaultConditionalExecutionQueue.java:127)
	at org.gradle.internal.work.DefaultConditionalExecutionQueue$ExecutionRunner$1.run(DefaultConditionalExecutionQueue.java:169)
	at org.gradle.internal.Factories$1.create(Factories.java:31)
	at org.gradle.internal.work.DefaultWorkerLeaseService.withLocks(DefaultWorkerLeaseService.java:263)
	at org.gradle.internal.work.DefaultWorkerLeaseService.runAsWorkerThread(DefaultWorkerLeaseService.java:127)
	at org.gradle.internal.work.DefaultWorkerLeaseService.runAsWorkerThread(DefaultWorkerLeaseService.java:132)
	at org.gradle.internal.work.DefaultConditionalExecutionQueue$ExecutionRunner.runBatch(DefaultConditionalExecutionQueue.java:164)
	at org.gradle.internal.work.DefaultConditionalExecutionQueue$ExecutionRunner.run(DefaultConditionalExecutionQueue.java:133)
	at java.base/java.util.concurrent.Executors$RunnableAdapter.call(Executors.java:539)
	at java.base/java.util.concurrent.FutureTask.run(FutureTask.java:264)
	at org.gradle.internal.concurrent.ExecutorPolicy$CatchAndRecordFailures.onExecute(ExecutorPolicy.java:64)
	at org.gradle.internal.concurrent.AbstractManagedExecutor$1.run(AbstractManagedExecutor.java:48)
	at java.base/java.util.concurrent.ThreadPoolExecutor.runWorker(ThreadPoolExecutor.java:1136)
	at java.base/java.util.concurrent.ThreadPoolExecutor$Worker.run(ThreadPoolExecutor.java:635)
	at java.base/java.lang.Thread.run(Thread.java:840)
Caused by: java.nio.file.NoSuchFileException: /var/folders/xg/1w4jhy1d2vq4t67w75sqxpyw0000gp/T/kotlin-backups4107104095465826839/12.backup -> /Users/benn/dev/personal/HolyBean/android/app/build/tmp/kotlin-classes/debug/eloom/holybean/ui/home/HomeScreenKt$HomeScreen$lambda$0$0$0$0$$inlined$items$default$3.class
	at java.base/sun.nio.fs.UnixException.translateToIOException(Unknown Source)
	at java.base/sun.nio.fs.UnixException.rethrowAsIOException(Unknown Source)
	at java.base/sun.nio.fs.UnixFileSystem.move(Unknown Source)
	at java.base/sun.nio.fs.UnixFileSystemProvider.move(Unknown Source)
	at java.base/java.nio.file.Files.move(Unknown Source)
	at org.jetbrains.kotlin.incremental.RecoverableCompilationTransaction.revertChanges(CompilationTransaction.kt:231)
	at org.jetbrains.kotlin.incremental.RecoverableCompilationTransaction.close(CompilationTransaction.kt:256)
	at org.jetbrains.kotlin.incremental.IncrementalCompilerRunner.tryCompileIncrementally(IncrementalCompilerRunner.kt:703)
	at org.jetbrains.kotlin.incremental.IncrementalCompilerRunner.compile(IncrementalCompilerRunner.kt:119)
	at org.jetbrains.kotlin.daemon.CompileServiceImplBase.execIncrementalCompiler(CompileServiceImpl.kt:684)
	at org.jetbrains.kotlin.daemon.CompileServiceImplBase.access$execIncrementalCompiler(CompileServiceImpl.kt:94)
	at org.jetbrains.kotlin.daemon.CompileServiceImpl.compile(CompileServiceImpl.kt:1810)
	at java.base/jdk.internal.reflect.DirectMethodHandleAccessor.invoke(Unknown Source)
	at java.base/java.lang.reflect.Method.invoke(Unknown Source)
	at java.rmi/sun.rmi.server.UnicastServerRef.dispatch(Unknown Source)
	at java.rmi/sun.rmi.transport.Transport$1.run(Unknown Source)
	at java.rmi/sun.rmi.transport.Transport$1.run(Unknown Source)
	at java.base/java.security.AccessController.doPrivileged(Unknown Source)
	at java.rmi/sun.rmi.transport.Transport.serviceCall(Unknown Source)
	at java.rmi/sun.rmi.transport.tcp.TCPTransport.handleMessages(Unknown Source)
	at java.rmi/sun.rmi.transport.tcp.TCPTransport$ConnectionHandler.run0(Unknown Source)
	at java.rmi/sun.rmi.transport.tcp.TCPTransport$ConnectionHandler.lambda$run$0(Unknown Source)
	at java.base/java.security.AccessController.doPrivileged(Unknown Source)
	at java.rmi/sun.rmi.transport.tcp.TCPTransport$ConnectionHandler.run(Unknown Source)
	at java.base/java.util.concurrent.ThreadPoolExecutor.runWorker(Unknown Source)
	at java.base/java.util.concurrent.ThreadPoolExecutor$Worker.run(Unknown Source)
	at java.base/java.lang.Thread.run(Unknown Source)


